<?xml version="1.0" encoding="UTF-8"?>
<!-- Generated by org.testng.reporters.JUnitReportReporter -->
<testsuite hostname="LAPTOP-BM9BTFO4" failures="0" tests="1" name="Scripts.Tc2" time="0.000" errors="0" timestamp="2022-12-28T19:30:16 IST" skipped="0">
  <testcase classname="Scripts.Tc2" name="demo" time="0.000"/>
  <system-out>
    <![CDATA[hello python]]>
  </system-out>
</testsuite> <!-- Scripts.Tc2 -->
