<?xml version="1.0" encoding="UTF-8"?>
<!-- Generated by org.testng.reporters.JUnitReportReporter -->
<testsuite hostname="LAPTOP-BM9BTFO4" failures="0" tests="1" name="Scripts.Tc3" time="0.009" errors="0" timestamp="2022-12-28T19:30:16 IST" skipped="0">
  <testcase classname="Scripts.Tc3" name="demo" time="0.009"/>
  <system-out>
    <![CDATA[hello selenium]]>
  </system-out>
</testsuite> <!-- Scripts.Tc3 -->
