<?xml version="1.0" encoding="UTF-8"?>
<!-- Generated by org.testng.reporters.JUnitReportReporter -->
<testsuite hostname="LAPTOP-BM9BTFO4" failures="0" tests="1" name="Scripts.Tc4" time="0.001" errors="0" timestamp="2022-12-28T19:30:16 IST" skipped="0">
  <testcase classname="Scripts.Tc4" name="demo" time="0.001"/>
  <system-out>
    <![CDATA[hello python selenium]]>
  </system-out>
</testsuite> <!-- Scripts.Tc4 -->
